2024-07-24 07:02:48.484 [info] Log level: Info
2024-07-24 07:02:48.484 [info] Validating found git in: "git"
2024-07-24 07:02:48.484 [info] Using git "2.43.0" from "git"
2024-07-24 07:03:19.326 [info] Log level: Info
2024-07-24 07:03:19.326 [info] Validating found git in: "git"
2024-07-24 07:03:19.326 [info] Using git "2.43.0" from "git"
2024-07-24 07:03:19.326 [info] > git rev-parse --show-toplevel [8ms]
2024-07-24 07:03:19.326 [info] fatal: not a git repository (or any parent up to mount point /media/epic-nguyen)
Stopping at filesystem boundary (GIT_DISCOVERY_ACROSS_FILESYSTEM not set).
2024-07-24 07:03:19.338 [info] > git rev-parse --show-toplevel [3ms]
2024-07-24 07:03:19.338 [info] fatal: not a git repository (or any parent up to mount point /media/epic-nguyen)
Stopping at filesystem boundary (GIT_DISCOVERY_ACROSS_FILESYSTEM not set).
2024-07-24 07:03:19.345 [info] > git rev-parse --show-toplevel [2ms]
2024-07-24 07:03:19.345 [info] fatal: not a git repository (or any parent up to mount point /media/epic-nguyen)
Stopping at filesystem boundary (GIT_DISCOVERY_ACROSS_FILESYSTEM not set).
2024-07-24 07:03:19.352 [info] > git rev-parse --show-toplevel [2ms]
2024-07-24 07:03:19.352 [info] fatal: not a git repository (or any parent up to mount point /media/epic-nguyen)
Stopping at filesystem boundary (GIT_DISCOVERY_ACROSS_FILESYSTEM not set).
2024-07-24 07:03:34.694 [info] > git rev-parse --show-toplevel [3ms]
2024-07-24 07:03:34.694 [info] fatal: not a git repository (or any parent up to mount point /media/epic-nguyen)
Stopping at filesystem boundary (GIT_DISCOVERY_ACROSS_FILESYSTEM not set).
2024-07-24 07:03:35.437 [info] > git rev-parse --show-toplevel [3ms]
2024-07-24 07:03:35.437 [info] fatal: not a git repository (or any parent up to mount point /media/epic-nguyen)
Stopping at filesystem boundary (GIT_DISCOVERY_ACROSS_FILESYSTEM not set).
